{"C:\\Users\\Sahil\\OneDrive\\Desktop\\REACT\\src\\components\\Contact.jsx": {"path":"C:\\Users\\Sahil\\OneDrive\\Desktop\\REACT\\src\\components\\Contact.jsx","statementMap":{"0":{"start":{"line":5,"column":4},"end":{"line":69,"column":5}}},"fnMap":{"0":{"name":"Contactus","decl":{"start":{"line":3,"column":24},"end":{"line":3,"column":33}},"loc":{"start":{"line":3,"column":35},"end":{"line":70,"column":1}},"line":3}},"branchMap":{},"s":{"0":4},"f":{"0":4},"b":{},"_coverageSchema":"1a1c01bbd47fc00a2c39e90264f33305004495a9","hash":"c954935f76f0142edac8e292938559a6977d2184"}
,"C:\\Users\\Sahil\\OneDrive\\Desktop\\REACT\\src\\components\\sum.jsx": {"path":"C:\\Users\\Sahil\\OneDrive\\Desktop\\REACT\\src\\components\\sum.jsx","statementMap":{"0":{"start":{"line":1,"column":17},"end":{"line":3,"column":1}},"1":{"start":{"line":2,"column":4},"end":{"line":2,"column":15}}},"fnMap":{"0":{"name":"(anonymous_0)","decl":{"start":{"line":1,"column":17},"end":{"line":1,"column":18}},"loc":{"start":{"line":1,"column":24},"end":{"line":3,"column":1}},"line":1}},"branchMap":{},"s":{"0":1,"1":1},"f":{"0":1},"b":{},"_coverageSchema":"1a1c01bbd47fc00a2c39e90264f33305004495a9","hash":"dbe56b569e808a490d2e7774c33b84609a01d521"}
}
