{"C:\\Users\\Sahil\\OneDrive\\Desktop\\REACT\\src\\components\\sum.jsx": {"path":"C:\\Users\\Sahil\\OneDrive\\Desktop\\REACT\\src\\components\\sum.jsx","statementMap":{"0":{"start":{"line":1,"column":17},"end":{"line":3,"column":1}},"1":{"start":{"line":2,"column":4},"end":{"line":2,"column":15}}},"fnMap":{"0":{"name":"(anonymous_0)","decl":{"start":{"line":1,"column":17},"end":{"line":1,"column":18}},"loc":{"start":{"line":1,"column":24},"end":{"line":3,"column":1}},"line":1}},"branchMap":{},"s":{"0":1,"1":1},"f":{"0":1},"b":{},"_coverageSchema":"1a1c01bbd47fc00a2c39e90264f33305004495a9","hash":"dbe56b569e808a490d2e7774c33b84609a01d521"}
}
